INFO:    Setting 'NVIDIA_VISIBLE_DEVICES=all' to emulate legacy GPU binding.
INFO:    Setting --writable-tmpfs (required by nvidia-container-cli)
[nltk_data] Downloading package punkt to
[nltk_data]     /d/hpc/home/jt6922/nltk_data...
[nltk_data]   Package punkt is already up-to-date!
[nltk_data] Downloading package stopwords to
[nltk_data]     /d/hpc/home/jt6922/nltk_data...
[nltk_data]   Package stopwords is already up-to-date!
[nltk_data] Downloading package wordnet to
[nltk_data]     /d/hpc/home/jt6922/nltk_data...
[nltk_data]   Package wordnet is already up-to-date!


Parameters: lr=2e-05, batch_size=8, num_epochs=5, max_length=32:
F1: 0.6122385141739981
Parameters: lr=2e-05, batch_size=8, num_epochs=5, max_length=64:
F1: 0.5692559853484721
Parameters: lr=2e-05, batch_size=8, num_epochs=5, max_length=128:
F1: 0.6160994920931507
Parameters: lr=2e-05, batch_size=8, num_epochs=10, max_length=32:
F1: 0.653370752097807
Parameters: lr=2e-05, batch_size=8, num_epochs=10, max_length=64:
F1: 0.6720476739018599
Parameters: lr=2e-05, batch_size=8, num_epochs=10, max_length=128:
F1: 0.6503902180706994
Parameters: lr=2e-05, batch_size=8, num_epochs=15, max_length=32:
F1: 0.6577839243811965
Parameters: lr=2e-05, batch_size=8, num_epochs=15, max_length=64:
F1: 0.6383913018748476
Parameters: lr=2e-05, batch_size=8, num_epochs=15, max_length=128:
F1: 0.6543948678903587
Parameters: lr=2e-05, batch_size=8, num_epochs=20, max_length=32:
F1: 0.6528324194119113
Parameters: lr=2e-05, batch_size=8, num_epochs=20, max_length=64:
F1: 0.6755250109243891
Parameters: lr=2e-05, batch_size=8, num_epochs=20, max_length=128:
F1: 0.6611122589531679
Parameters: lr=2e-05, batch_size=16, num_epochs=5, max_length=32:
F1: 0.5176892073443798
Parameters: lr=2e-05, batch_size=16, num_epochs=5, max_length=64:
F1: 0.5876033057851239
Parameters: lr=2e-05, batch_size=16, num_epochs=5, max_length=128:
F1: 0.6089707354853229
Parameters: lr=2e-05, batch_size=16, num_epochs=10, max_length=32:
F1: 0.6034128537197982
Parameters: lr=2e-05, batch_size=16, num_epochs=10, max_length=64:
F1: 0.6589663046376039
Parameters: lr=2e-05, batch_size=16, num_epochs=10, max_length=128:
F1: 0.62251361650967
Parameters: lr=2e-05, batch_size=16, num_epochs=15, max_length=32:
F1: 0.6335956636816902
Parameters: lr=2e-05, batch_size=16, num_epochs=15, max_length=64:
F1: 0.6490154811475435
Parameters: lr=2e-05, batch_size=16, num_epochs=15, max_length=128:
F1: 0.6381076956616524
Parameters: lr=2e-05, batch_size=16, num_epochs=20, max_length=32:
F1: 0.6334319387795323
Parameters: lr=2e-05, batch_size=16, num_epochs=20, max_length=64:
F1: 0.6591709457374411
Parameters: lr=2e-05, batch_size=16, num_epochs=20, max_length=128:
F1: 0.6339219306888908
Parameters: lr=2e-05, batch_size=32, num_epochs=5, max_length=32:
F1: 0.38709677419354843
Parameters: lr=2e-05, batch_size=32, num_epochs=5, max_length=64:
F1: 0.4313619229022052
Parameters: lr=2e-05, batch_size=32, num_epochs=5, max_length=128:
F1: 0.500510075540742
Parameters: lr=2e-05, batch_size=32, num_epochs=10, max_length=32:
F1: 0.6225895316804407
Parameters: lr=2e-05, batch_size=32, num_epochs=10, max_length=64:
F1: 0.617976492382398
Parameters: lr=2e-05, batch_size=32, num_epochs=10, max_length=128:
F1: 0.6415336427789728
Parameters: lr=2e-05, batch_size=32, num_epochs=15, max_length=32:
F1: 0.6289423157191754
Parameters: lr=2e-05, batch_size=32, num_epochs=15, max_length=64:
F1: 0.6733092131620141
Parameters: lr=2e-05, batch_size=32, num_epochs=15, max_length=128:
F1: 0.639597556593604
Parameters: lr=2e-05, batch_size=32, num_epochs=20, max_length=32:
F1: 0.6089514480562087
Parameters: lr=2e-05, batch_size=32, num_epochs=20, max_length=64:
F1: 0.6357852850675818
Parameters: lr=2e-05, batch_size=32, num_epochs=20, max_length=128:
F1: 0.644807912724303
Parameters: lr=3e-05, batch_size=8, num_epochs=5, max_length=32:
F1: 0.6230884915949851
Parameters: lr=3e-05, batch_size=8, num_epochs=5, max_length=64:
F1: 0.6158967848908001
Parameters: lr=3e-05, batch_size=8, num_epochs=5, max_length=128:
F1: 0.6460307786828389
Parameters: lr=3e-05, batch_size=8, num_epochs=10, max_length=32:
F1: 0.6334897918046476
Parameters: lr=3e-05, batch_size=8, num_epochs=10, max_length=64:
F1: 0.661244931828995
Parameters: lr=3e-05, batch_size=8, num_epochs=10, max_length=128:
F1: 0.6103104237123907
Parameters: lr=3e-05, batch_size=8, num_epochs=15, max_length=32:
F1: 0.6128497426888031
Parameters: lr=3e-05, batch_size=8, num_epochs=15, max_length=64:
F1: 0.6214250989652059
Parameters: lr=3e-05, batch_size=8, num_epochs=15, max_length=128:
F1: 0.6637283308218008
Parameters: lr=3e-05, batch_size=8, num_epochs=20, max_length=32:
F1: 0.6529483985389859
Parameters: lr=3e-05, batch_size=8, num_epochs=20, max_length=64:
F1: 0.636606166053752
Parameters: lr=3e-05, batch_size=8, num_epochs=20, max_length=128:
F1: 0.6529681978485806
Parameters: lr=3e-05, batch_size=16, num_epochs=5, max_length=32:
F1: 0.5499193304666697
Parameters: lr=3e-05, batch_size=16, num_epochs=5, max_length=64:
F1: 0.5846526816532299
Parameters: lr=3e-05, batch_size=16, num_epochs=5, max_length=128:
F1: 0.6495257432008307
Parameters: lr=3e-05, batch_size=16, num_epochs=10, max_length=32:
F1: 0.6723136910154266
Parameters: lr=3e-05, batch_size=16, num_epochs=10, max_length=64:
F1: 0.662038662510167
Parameters: lr=3e-05, batch_size=16, num_epochs=10, max_length=128:
F1: 0.6547510767281853
Parameters: lr=3e-05, batch_size=16, num_epochs=15, max_length=32:
F1: 0.648590397576052
Parameters: lr=3e-05, batch_size=16, num_epochs=15, max_length=64:
F1: 0.6269331795758859
Parameters: lr=3e-05, batch_size=16, num_epochs=15, max_length=128:
F1: 0.6797210417347718
Parameters: lr=3e-05, batch_size=16, num_epochs=20, max_length=32:
F1: 0.6159938828349554
Parameters: lr=3e-05, batch_size=16, num_epochs=20, max_length=64:
F1: 0.6613956686801944
Parameters: lr=3e-05, batch_size=16, num_epochs=20, max_length=128:
F1: 0.6724879424230484
Parameters: lr=3e-05, batch_size=32, num_epochs=5, max_length=32:
F1: 0.5498254488458251
Parameters: lr=3e-05, batch_size=32, num_epochs=5, max_length=64:
F1: 0.4736392134511257
Parameters: lr=3e-05, batch_size=32, num_epochs=5, max_length=128:
F1: 0.49535035233208025
Parameters: lr=3e-05, batch_size=32, num_epochs=10, max_length=32:
F1: 0.6138188086097386
Parameters: lr=3e-05, batch_size=32, num_epochs=10, max_length=64:
F1: 0.5945594797933682
Parameters: lr=3e-05, batch_size=32, num_epochs=10, max_length=128:
F1: 0.6195689378730528
Parameters: lr=3e-05, batch_size=32, num_epochs=15, max_length=32:
F1: 0.644594295129338
Parameters: lr=3e-05, batch_size=32, num_epochs=15, max_length=64:
F1: 0.6241891375600733
Parameters: lr=3e-05, batch_size=32, num_epochs=15, max_length=128:
F1: 0.6461368242322374
Parameters: lr=3e-05, batch_size=32, num_epochs=20, max_length=32:
F1: 0.6475446790286364
Parameters: lr=3e-05, batch_size=32, num_epochs=20, max_length=64:
F1: 0.6452777929403254
Parameters: lr=3e-05, batch_size=32, num_epochs=20, max_length=128:
F1: 0.6457971618399425
Parameters: lr=5e-05, batch_size=8, num_epochs=5, max_length=32:
F1: 0.6579771497666679
Parameters: lr=5e-05, batch_size=8, num_epochs=5, max_length=64:
F1: 0.6586794821617309
Parameters: lr=5e-05, batch_size=8, num_epochs=5, max_length=128:
F1: 0.672513569226696
Parameters: lr=5e-05, batch_size=8, num_epochs=10, max_length=32:
F1: 0.6479893405468791
Parameters: lr=5e-05, batch_size=8, num_epochs=10, max_length=64:
F1: 0.6650954201836157
Parameters: lr=5e-05, batch_size=8, num_epochs=10, max_length=128:
F1: 0.6250674913377582
Parameters: lr=5e-05, batch_size=8, num_epochs=15, max_length=32:
F1: 0.6284265084408566
Parameters: lr=5e-05, batch_size=8, num_epochs=15, max_length=64:
F1: 0.6296218507701761
Parameters: lr=5e-05, batch_size=8, num_epochs=15, max_length=128:
F1: 0.6425764134855043
Parameters: lr=5e-05, batch_size=8, num_epochs=20, max_length=32:
F1: 0.6440724569066814
Parameters: lr=5e-05, batch_size=8, num_epochs=20, max_length=64:
F1: 0.6145210258302908
Parameters: lr=5e-05, batch_size=8, num_epochs=20, max_length=128:
F1: 0.613867364674996
Parameters: lr=5e-05, batch_size=16, num_epochs=5, max_length=32:
F1: 0.6910905591569472
Parameters: lr=5e-05, batch_size=16, num_epochs=5, max_length=64:
F1: 0.6477339150365473
Parameters: lr=5e-05, batch_size=16, num_epochs=5, max_length=128:
F1: 0.6220779220779222
Parameters: lr=5e-05, batch_size=16, num_epochs=10, max_length=32:
F1: 0.6176393991743627
Parameters: lr=5e-05, batch_size=16, num_epochs=10, max_length=64:
F1: 0.6596812278630462
Parameters: lr=5e-05, batch_size=16, num_epochs=10, max_length=128:
F1: 0.6593844267255496
Parameters: lr=5e-05, batch_size=16, num_epochs=15, max_length=32:
F1: 0.6405193584897603
Parameters: lr=5e-05, batch_size=16, num_epochs=15, max_length=64:
F1: 0.6555910051893139
Parameters: lr=5e-05, batch_size=16, num_epochs=15, max_length=128:
F1: 0.6528497647011251
Parameters: lr=5e-05, batch_size=16, num_epochs=20, max_length=32:
F1: 0.6440747854587745
Parameters: lr=5e-05, batch_size=16, num_epochs=20, max_length=64:
F1: 0.6393617401881865
Parameters: lr=5e-05, batch_size=16, num_epochs=20, max_length=128:
F1: 0.6220062336116494
Parameters: lr=5e-05, batch_size=32, num_epochs=5, max_length=32:
F1: 0.630196851540725
Parameters: lr=5e-05, batch_size=32, num_epochs=5, max_length=64:
F1: 0.598930063094286
Parameters: lr=5e-05, batch_size=32, num_epochs=5, max_length=128:
F1: 0.5969433548731768
Parameters: lr=5e-05, batch_size=32, num_epochs=10, max_length=32:
F1: 0.6171690526150233
Parameters: lr=5e-05, batch_size=32, num_epochs=10, max_length=64:
F1: 0.6834710743801653
Parameters: lr=5e-05, batch_size=32, num_epochs=10, max_length=128:
F1: 0.644917300141721
Parameters: lr=5e-05, batch_size=32, num_epochs=15, max_length=32:
F1: 0.6588353894678005
Parameters: lr=5e-05, batch_size=32, num_epochs=15, max_length=64:
F1: 0.6462048705607288
Parameters: lr=5e-05, batch_size=32, num_epochs=15, max_length=128:
F1: 0.6398602124069741
Parameters: lr=5e-05, batch_size=32, num_epochs=20, max_length=32:
F1: 0.6445811105890158
Parameters: lr=5e-05, batch_size=32, num_epochs=20, max_length=64:
F1: 0.6315517482958386
Parameters: lr=5e-05, batch_size=32, num_epochs=20, max_length=128:
F1: 0.6333303060575788
Best Hyperparameters:
{'lr': 5e-05, 'batch_size': 16, 'num_epochs': 5, 'max_length': 32}
Best Validation Metrics:
Average Loss: 0.8887223675847054
Accuracy: 0.7272727272727273
Precision: 0.6742332415059689
Recall: 0.7272727272727273
F1 Score: 0.6910905591569472
Confusion Matrix:
[[10  3  0  0  0  0  0]
 [ 0 62  0  0  4  0  0]
 [ 1  1  1  0  3  0  0]
 [ 2  1  0  0  0  0  0]
 [ 3  3  1  0 12  2  0]
 [ 2  1  0  0  2  3  0]
 [ 0  4  0  0  0  0  0]]

Classification Report:
              precision    recall  f1-score   support

           0       0.56      0.77      0.65        13
           1       0.83      0.94      0.88        66
           2       0.50      0.17      0.25         6
           3       0.00      0.00      0.00         3
           4       0.57      0.57      0.57        21
           5       0.60      0.38      0.46         8
           6       0.00      0.00      0.00         4

    accuracy                           0.73       121
   macro avg       0.44      0.40      0.40       121
weighted avg       0.67      0.73      0.69       121

